# JRE version: OpenJDK Runtime Environment Temurin-17.0.11+9 (17.0.11+9) (build 17.0.11+9)
# Java VM: OpenJDK 64-Bit Server VM Temurin-17.0.11+9 (17.0.11+9, mixed mode, tiered, compressed oops, compressed class ptrs, parallel gc, windows-amd64)
GC Precious Log:
 CPUs: 16 total, 16 available
 Memory: 15999M
 Large Page Support: Disabled
 NUMA Support: Disabled
 Compressed Oops: Enabled (32-bit)
 Alignments: Space 512K, Generation 512K, Heap 2M
 Heap Min Capacity: 100M
 Heap Initial Capacity: 100M
 Heap Max Capacity: 1G
 Pre-touch: Disabled
 Parallel Workers: 13
Heap:
 PSYoungGen      total 22528K, used 4779K [0x00000000eab00000, 0x00000000ec400000, 0x0000000100000000)
  eden space 22016K, 19% used [0x00000000eab00000,0x00000000eaf42ff0,0x00000000ec080000)
  from space 512K, 81% used [0x00000000ec380000,0x00000000ec3e8000,0x00000000ec400000)
  to   space 512K, 0% used [0x00000000ec300000,0x00000000ec300000,0x00000000ec380000)
 ParOldGen       total 68608K, used 51782K [0x00000000c0000000, 0x00000000c4300000, 0x00000000eab00000)
  object space 68608K, 75% used [0x00000000c0000000,0x00000000c3291a60,0x00000000c4300000)
 Metaspace       used 71115K, committed 72256K, reserved 1114112K
  class space    used 8594K, committed 9088K, reserved 1048576K
GC Heap History (20 events):
Event: 43.047 GC heap before
{Heap before GC invocations=60 (full 3):
 PSYoungGen      total 23040K, used 23019K [0x00000000eab00000, 0x00000000ec680000, 0x0000000100000000)
  eden space 22016K, 100% used [0x00000000eab00000,0x00000000ec080000,0x00000000ec080000)
  from space 1024K, 97% used [0x00000000ec580000,0x00000000ec67ae10,0x00000000ec680000)
  to   space 1536K, 0% used [0x00000000ec380000,0x00000000ec380000,0x00000000ec500000)
 ParOldGen       total 68608K, used 47773K [0x00000000c0000000, 0x00000000c4300000, 0x00000000eab00000)
  object space 68608K, 69% used [0x00000000c0000000,0x00000000c2ea7558,0x00000000c4300000)
 Metaspace       used 69584K, committed 70656K, reserved 1114112K
  class space    used 8374K, committed 8832K, reserved 1048576K
}
Event: 43.047 GC heap after
{Heap after GC invocations=60 (full 3):
 PSYoungGen      total 23040K, used 876K [0x00000000eab00000, 0x00000000ec600000, 0x0000000100000000)
  eden space 22016K, 0% used [0x00000000eab00000,0x00000000eab00000,0x00000000ec080000)
  from space 1024K, 85% used [0x00000000ec380000,0x00000000ec45b318,0x00000000ec480000)
  to   space 1536K, 0% used [0x00000000ec480000,0x00000000ec480000,0x00000000ec600000)
 ParOldGen       total 68608K, used 47949K [0x00000000c0000000, 0x00000000c4300000, 0x00000000eab00000)
  object space 68608K, 69% used [0x00000000c0000000,0x00000000c2ed3558,0x00000000c4300000)
 Metaspace       used 69584K, committed 70656K, reserved 1114112K
  class space    used 8374K, committed 8832K, reserved 1048576K
}
Event: 43.129 GC heap before
{Heap before GC invocations=61 (full 3):
 PSYoungGen      total 23040K, used 22892K [0x00000000eab00000, 0x00000000ec600000, 0x0000000100000000)
  eden space 22016K, 100% used [0x00000000eab00000,0x00000000ec080000,0x00000000ec080000)
  from space 1024K, 85% used [0x00000000ec380000,0x00000000ec45b318,0x00000000ec480000)
  to   space 1536K, 0% used [0x00000000ec480000,0x00000000ec480000,0x00000000ec600000)
 ParOldGen       total 68608K, used 47949K [0x00000000c0000000, 0x00000000c4300000, 0x00000000eab00000)
  object space 68608K, 69% used [0x00000000c0000000,0x00000000c2ed3558,0x00000000c4300000)
 Metaspace       used 69584K, committed 70656K, reserved 1114112K
  class space    used 8374K, committed 8832K, reserved 1048576K
}
Event: 43.130 GC heap after
{Heap after GC invocations=61 (full 3):
 PSYoungGen      total 23040K, used 803K [0x00000000eab00000, 0x00000000ec580000, 0x0000000100000000)
  eden space 22016K, 0% used [0x00000000eab00000,0x00000000eab00000,0x00000000ec080000)
  from space 1024K, 78% used [0x00000000ec480000,0x00000000ec548fb0,0x00000000ec580000)
  to   space 1024K, 0% used [0x00000000ec380000,0x00000000ec380000,0x00000000ec480000)
 ParOldGen       total 68608K, used 48005K [0x00000000c0000000, 0x00000000c4300000, 0x00000000eab00000)
  object space 68608K, 69% used [0x00000000c0000000,0x00000000c2ee1558,0x00000000c4300000)
 Metaspace       used 69584K, committed 70656K, reserved 1114112K
  class space    used 8374K, committed 8832K, reserved 1048576K
}
Event: 43.216 GC heap before
{Heap before GC invocations=62 (full 3):
 PSYoungGen      total 23040K, used 22819K [0x00000000eab00000, 0x00000000ec580000, 0x0000000100000000)
  eden space 22016K, 100% used [0x00000000eab00000,0x00000000ec080000,0x00000000ec080000)
  from space 1024K, 78% used [0x00000000ec480000,0x00000000ec548fb0,0x00000000ec580000)
  to   space 1024K, 0% used [0x00000000ec380000,0x00000000ec380000,0x00000000ec480000)
 ParOldGen       total 68608K, used 48005K [0x00000000c0000000, 0x00000000c4300000, 0x00000000eab00000)
  object space 68608K, 69% used [0x00000000c0000000,0x00000000c2ee1558,0x00000000c4300000)
 Metaspace       used 69585K, committed 70656K, reserved 1114112K
  class space    used 8374K, committed 8832K, reserved 1048576K
}
Event: 43.217 GC heap after
{Heap after GC invocations=62 (full 3):
 PSYoungGen      total 23040K, used 860K [0x00000000eab00000, 0x00000000ec500000, 0x0000000100000000)
  eden space 22016K, 0% used [0x00000000eab00000,0x00000000eab00000,0x00000000ec080000)
  from space 1024K, 84% used [0x00000000ec380000,0x00000000ec457338,0x00000000ec480000)
  to   space 512K, 0% used [0x00000000ec480000,0x00000000ec480000,0x00000000ec500000)
 ParOldGen       total 68608K, used 48053K [0x00000000c0000000, 0x00000000c4300000, 0x00000000eab00000)
  object space 68608K, 70% used [0x00000000c0000000,0x00000000c2eed558,0x00000000c4300000)
 Metaspace       used 69585K, committed 70656K, reserved 1114112K
  class space    used 8374K, committed 8832K, reserved 1048576K
}
Event: 43.304 GC heap before
{Heap before GC invocations=63 (full 3):
 PSYoungGen      total 23040K, used 22876K [0x00000000eab00000, 0x00000000ec500000, 0x0000000100000000)
  eden space 22016K, 100% used [0x00000000eab00000,0x00000000ec080000,0x00000000ec080000)
  from space 1024K, 84% used [0x00000000ec380000,0x00000000ec457338,0x00000000ec480000)
  to   space 512K, 0% used [0x00000000ec480000,0x00000000ec480000,0x00000000ec500000)
 ParOldGen       total 68608K, used 48053K [0x00000000c0000000, 0x00000000c4300000, 0x00000000eab00000)
  object space 68608K, 70% used [0x00000000c0000000,0x00000000c2eed558,0x00000000c4300000)
 Metaspace       used 69585K, committed 70656K, reserved 1114112K
  class space    used 8374K, committed 8832K, reserved 1048576K
}
Event: 43.304 GC heap after
{Heap after GC invocations=63 (full 3):
 PSYoungGen      total 22528K, used 486K [0x00000000eab00000, 0x00000000ec500000, 0x0000000100000000)
  eden space 22016K, 0% used [0x00000000eab00000,0x00000000eab00000,0x00000000ec080000)
  from space 512K, 95% used [0x00000000ec480000,0x00000000ec4f9ba0,0x00000000ec500000)
  to   space 1024K, 0% used [0x00000000ec300000,0x00000000ec300000,0x00000000ec400000)
 ParOldGen       total 68608K, used 48482K [0x00000000c0000000, 0x00000000c4300000, 0x00000000eab00000)
  object space 68608K, 70% used [0x00000000c0000000,0x00000000c2f589f8,0x00000000c4300000)
 Metaspace       used 69585K, committed 70656K, reserved 1114112K
  class space    used 8374K, committed 8832K, reserved 1048576K
}
Event: 43.386 GC heap before
{Heap before GC invocations=64 (full 3):
 PSYoungGen      total 22528K, used 22502K [0x00000000eab00000, 0x00000000ec500000, 0x0000000100000000)
  eden space 22016K, 100% used [0x00000000eab00000,0x00000000ec080000,0x00000000ec080000)
  from space 512K, 95% used [0x00000000ec480000,0x00000000ec4f9ba0,0x00000000ec500000)
  to   space 1024K, 0% used [0x00000000ec300000,0x00000000ec300000,0x00000000ec400000)
 ParOldGen       total 68608K, used 48482K [0x00000000c0000000, 0x00000000c4300000, 0x00000000eab00000)
  object space 68608K, 70% used [0x00000000c0000000,0x00000000c2f589f8,0x00000000c4300000)
 Metaspace       used 69585K, committed 70656K, reserved 1114112K
  class space    used 8374K, committed 8832K, reserved 1048576K
}
Event: 43.386 GC heap after
{Heap after GC invocations=64 (full 3):
 PSYoungGen      total 23040K, used 930K [0x00000000eab00000, 0x00000000ec500000, 0x0000000100000000)
  eden space 22016K, 0% used [0x00000000eab00000,0x00000000eab00000,0x00000000ec080000)
  from space 1024K, 90% used [0x00000000ec300000,0x00000000ec3e8920,0x00000000ec400000)
  to   space 1024K, 0% used [0x00000000ec400000,0x00000000ec400000,0x00000000ec500000)
 ParOldGen       total 68608K, used 48530K [0x00000000c0000000, 0x00000000c4300000, 0x00000000eab00000)
  object space 68608K, 70% used [0x00000000c0000000,0x00000000c2f649f8,0x00000000c4300000)
 Metaspace       used 69585K, committed 70656K, reserved 1114112K
  class space    used 8374K, committed 8832K, reserved 1048576K
}
Event: 43.480 GC heap before
{Heap before GC invocations=65 (full 3):
 PSYoungGen      total 23040K, used 22946K [0x00000000eab00000, 0x00000000ec500000, 0x0000000100000000)
  eden space 22016K, 100% used [0x00000000eab00000,0x00000000ec080000,0x00000000ec080000)
  from space 1024K, 90% used [0x00000000ec300000,0x00000000ec3e8920,0x00000000ec400000)
  to   space 1024K, 0% used [0x00000000ec400000,0x00000000ec400000,0x00000000ec500000)
 ParOldGen       total 68608K, used 48530K [0x00000000c0000000, 0x00000000c4300000, 0x00000000eab00000)
  object space 68608K, 70% used [0x00000000c0000000,0x00000000c2f649f8,0x00000000c4300000)
 Metaspace       used 69587K, committed 70656K, reserved 1114112K
  class space    used 8374K, committed 8832K, reserved 1048576K
}
Event: 43.481 GC heap after
{Heap after GC invocations=65 (full 3):
 PSYoungGen      total 23040K, used 818K [0x00000000eab00000, 0x00000000ec500000, 0x0000000100000000)
  eden space 22016K, 0% used [0x00000000eab00000,0x00000000eab00000,0x00000000ec080000)
  from space 1024K, 79% used [0x00000000ec400000,0x00000000ec4cc8f8,0x00000000ec500000)
  to   space 1024K, 0% used [0x00000000ec300000,0x00000000ec300000,0x00000000ec400000)
 ParOldGen       total 68608K, used 48610K [0x00000000c0000000, 0x00000000c4300000, 0x00000000eab00000)
  object space 68608K, 70% used [0x00000000c0000000,0x00000000c2f789f8,0x00000000c4300000)
 Metaspace       used 69587K, committed 70656K, reserved 1114112K
  class space    used 8374K, committed 8832K, reserved 1048576K
}
Event: 43.952 GC heap before
{Heap before GC invocations=66 (full 3):
 PSYoungGen      total 23040K, used 22834K [0x00000000eab00000, 0x00000000ec500000, 0x0000000100000000)
  eden space 22016K, 100% used [0x00000000eab00000,0x00000000ec080000,0x00000000ec080000)
  from space 1024K, 79% used [0x00000000ec400000,0x00000000ec4cc8f8,0x00000000ec500000)
  to   space 1024K, 0% used [0x00000000ec300000,0x00000000ec300000,0x00000000ec400000)
 ParOldGen       total 68608K, used 48610K [0x00000000c0000000, 0x00000000c4300000, 0x00000000eab00000)
  object space 68608K, 70% used [0x00000000c0000000,0x00000000c2f789f8,0x00000000c4300000)
 Metaspace       used 70469K, committed 71488K, reserved 1114112K
  class space    used 8506K, committed 8960K, reserved 1048576K
}
Event: 43.954 GC heap after
{Heap after GC invocations=66 (full 3):
 PSYoungGen      total 23040K, used 992K [0x00000000eab00000, 0x00000000ec780000, 0x0000000100000000)
  eden space 22016K, 0% used [0x00000000eab00000,0x00000000eab00000,0x00000000ec080000)
  from space 1024K, 96% used [0x00000000ec300000,0x00000000ec3f8008,0x00000000ec400000)
  to   space 3584K, 0% used [0x00000000ec400000,0x00000000ec400000,0x00000000ec780000)
 ParOldGen       total 68608K, used 50470K [0x00000000c0000000, 0x00000000c4300000, 0x00000000eab00000)
  object space 68608K, 73% used [0x00000000c0000000,0x00000000c3149a08,0x00000000c4300000)
 Metaspace       used 70469K, committed 71488K, reserved 1114112K
  class space    used 8506K, committed 8960K, reserved 1048576K
}
Event: 43.978 GC heap before
{Heap before GC invocations=67 (full 3):
 PSYoungGen      total 23040K, used 23008K [0x00000000eab00000, 0x00000000ec780000, 0x0000000100000000)
  eden space 22016K, 100% used [0x00000000eab00000,0x00000000ec080000,0x00000000ec080000)
  from space 1024K, 96% used [0x00000000ec300000,0x00000000ec3f8008,0x00000000ec400000)
  to   space 3584K, 0% used [0x00000000ec400000,0x00000000ec400000,0x00000000ec780000)
 ParOldGen       total 68608K, used 50470K [0x00000000c0000000, 0x00000000c4300000, 0x00000000eab00000)
  object space 68608K, 73% used [0x00000000c0000000,0x00000000c3149a08,0x00000000c4300000)
 Metaspace       used 70491K, committed 71552K, reserved 1114112K
  class space    used 8506K, committed 8960K, reserved 1048576K
}
Event: 43.980 GC heap after
{Heap after GC invocations=67 (full 3):
 PSYoungGen      total 22528K, used 416K [0x00000000eab00000, 0x00000000ec480000, 0x0000000100000000)
  eden space 22016K, 0% used [0x00000000eab00000,0x00000000eab00000,0x00000000ec080000)
  from space 512K, 81% used [0x00000000ec400000,0x00000000ec468000,0x00000000ec480000)
  to   space 1536K, 0% used [0x00000000ec180000,0x00000000ec180000,0x00000000ec300000)
 ParOldGen       total 68608K, used 51494K [0x00000000c0000000, 0x00000000c4300000, 0x00000000eab00000)
  object space 68608K, 75% used [0x00000000c0000000,0x00000000c3249a60,0x00000000c4300000)
 Metaspace       used 70491K, committed 71552K, reserved 1114112K
  class space    used 8506K, committed 8960K, reserved 1048576K
}
Event: 43.995 GC heap before
{Heap before GC invocations=68 (full 3):
 PSYoungGen      total 22528K, used 22432K [0x00000000eab00000, 0x00000000ec480000, 0x0000000100000000)
  eden space 22016K, 100% used [0x00000000eab00000,0x00000000ec080000,0x00000000ec080000)
  from space 512K, 81% used [0x00000000ec400000,0x00000000ec468000,0x00000000ec480000)
  to   space 1536K, 0% used [0x00000000ec180000,0x00000000ec180000,0x00000000ec300000)
 ParOldGen       total 68608K, used 51494K [0x00000000c0000000, 0x00000000c4300000, 0x00000000eab00000)
  object space 68608K, 75% used [0x00000000c0000000,0x00000000c3249a60,0x00000000c4300000)
 Metaspace       used 70493K, committed 71552K, reserved 1114112K
  class space    used 8506K, committed 8960K, reserved 1048576K
}
Event: 43.996 GC heap after
{Heap after GC invocations=68 (full 3):
 PSYoungGen      total 23552K, used 416K [0x00000000eab00000, 0x00000000ec480000, 0x0000000100000000)
  eden space 22016K, 0% used [0x00000000eab00000,0x00000000eab00000,0x00000000ec080000)
  from space 1536K, 27% used [0x00000000ec180000,0x00000000ec1e8000,0x00000000ec300000)
  to   space 1024K, 0% used [0x00000000ec380000,0x00000000ec380000,0x00000000ec480000)
 ParOldGen       total 68608K, used 51662K [0x00000000c0000000, 0x00000000c4300000, 0x00000000eab00000)
  object space 68608K, 75% used [0x00000000c0000000,0x00000000c3273a60,0x00000000c4300000)
 Metaspace       used 70493K, committed 71552K, reserved 1114112K
  class space    used 8506K, committed 8960K, reserved 1048576K
}
Event: 47.812 GC heap before
{Heap before GC invocations=69 (full 3):
 PSYoungGen      total 23552K, used 22432K [0x00000000eab00000, 0x00000000ec480000, 0x0000000100000000)
  eden space 22016K, 100% used [0x00000000eab00000,0x00000000ec080000,0x00000000ec080000)
  from space 1536K, 27% used [0x00000000ec180000,0x00000000ec1e8000,0x00000000ec300000)
  to   space 1024K, 0% used [0x00000000ec380000,0x00000000ec380000,0x00000000ec480000)
 ParOldGen       total 68608K, used 51662K [0x00000000c0000000, 0x00000000c4300000, 0x00000000eab00000)
  object space 68608K, 75% used [0x00000000c0000000,0x00000000c3273a60,0x00000000c4300000)
 Metaspace       used 70505K, committed 71552K, reserved 1114112K
  class space    used 8507K, committed 8960K, reserved 1048576K
}
Event: 47.813 GC heap after
{Heap after GC invocations=69 (full 3):
 PSYoungGen      total 22528K, used 416K [0x00000000eab00000, 0x00000000ec400000, 0x0000000100000000)
  eden space 22016K, 0% used [0x00000000eab00000,0x00000000eab00000,0x00000000ec080000)
  from space 512K, 81% used [0x00000000ec380000,0x00000000ec3e8000,0x00000000ec400000)
  to   space 512K, 0% used [0x00000000ec300000,0x00000000ec300000,0x00000000ec380000)
 ParOldGen       total 68608K, used 51782K [0x00000000c0000000, 0x00000000c4300000, 0x00000000eab00000)
  object space 68608K, 75% used [0x00000000c0000000,0x00000000c3291a60,0x00000000c4300000)
 Metaspace       used 70505K, committed 71552K, reserved 1114112K
  class space    used 8507K, committed 8960K, reserved 1048576K
}

